ファイル読み込み開始
2018-05-07 21:54:38,760  INFO AutoTable - ファイル読み込み開始
2018-05-07 21:54:38,761  INFO AutoTable - ファイルがありません
2018-05-08 20:08:03,693  INFO AutoTable - ファイル読み込み開始
2018-05-08 20:08:03,694  INFO AutoTable - ファイル書き込み開始
2018-05-08 20:08:03,695  INFO AutoTable - ファイル書き込み完了
2018-06-02 07:25:39,971  INFO AutoTable - ファイル読み込み開始
2018-06-02 07:25:39,972  INFO AutoTable - ファイルがありません
2018-06-02 07:26:44,162  INFO AutoTable - ファイル読み込み開始
2018-06-02 07:28:18,671  INFO AutoTable - ファイル読み込み開始
2018-06-02 07:30:04,662  INFO AutoTable - ファイル読み込み開始
2018-06-02 07:30:04,662  INFO AutoTable - ファイルがありません
2018-06-02 07:31:00,799  INFO AutoTable - ファイル読み込み開始
2018-06-02 07:31:03,124 ERROR AutoTable - 未知のエラーです：java.lang.RuntimeException: 想定外の文字が設定されています
2018-06-02 07:31:32,063  INFO AutoTable - ファイル読み込み開始
2018-06-02 07:34:48,452  INFO AutoTable - ファイル読み込み開始
2018-06-02 07:40:01,746  INFO AutoTable - ファイル読み込み開始
2018-06-02 07:43:49,036  INFO AutoTable - ファイル読み込み開始
2018-06-02 07:43:49,173  INFO AutoTable - ファイル読み込み終了
2018-06-02 07:43:49,174  INFO AutoTable - ファイル書き込み開始
2018-06-02 07:43:49,176  INFO AutoTable - ファイル書き込み完了
2018-06-02 07:44:04,020  INFO AutoTable - ファイル読み込み開始
2018-06-02 07:44:35,442  INFO AutoTable - ファイル読み込み終了
2018-06-02 07:44:41,066  INFO AutoTable - ファイル書き込み開始
2018-06-02 07:45:06,598  INFO AutoTable - ファイル書き込み完了
